<?xml version="1.0" encoding="UTF-8"?>
<testng-results skipped="0" failed="0" ignored="0" total="1" passed="1">
  <reporter-output>
  </reporter-output>
  <suite name="Default suite" duration-ms="15972" started-at="2017-08-31T01:48:01Z" finished-at="2017-08-31T01:48:17Z">
    <groups>
    </groups>
    <test name="Default test" duration-ms="15972" started-at="2017-08-31T01:48:01Z" finished-at="2017-08-31T01:48:17Z">
      <class name="ADVANCE_module2.HeadLessBrowser_PhantomJS">
        <test-method status="PASS" signature="headless_PhantomJS()[pri:0, instance:ADVANCE_module2.HeadLessBrowser_PhantomJS@c038203]" name="headless_PhantomJS" duration-ms="15953" started-at="2017-08-30T21:48:01Z" finished-at="2017-08-30T21:48:17Z">
          <reporter-output>
          </reporter-output>
        </test-method> <!-- headless_PhantomJS -->
      </class> <!-- ADVANCE_module2.HeadLessBrowser_PhantomJS -->
    </test> <!-- Default test -->
  </suite> <!-- Default suite -->
</testng-results>
